{"uuid":"0921b731-ccb6-43b2-b9b4-0b09c13ceb85","historyId":"bc703a635de1d1ffcb15f811674f1525","fullName":"src/test/resources/Features/Login.feature:51","labels":[{"name":"host","value":"Gayu"},{"name":"thread","value":"44532@Gayu.TestNG-PoolService-4(38)"},{"name":"feature","value":"Login Functionality of DsAlgo Application"},{"name":"story","value":"Verify that the tooltip message is displayed when user clicks on Login button after entering valid Username field and invalid Password field"},{"name":"suite","value":"Login Functionality of DsAlgo Application"},{"name":"testClass","value":"Verify that the tooltip message is displayed when user clicks on Login button after entering valid Username field and invalid Password field"},{"name":"framework","value":"cucumber4jvm"},{"name":"language","value":"java"},{"name":"gherkin_uri","value":"file:///C:/Users/gayat/intellij-learning/SDET229Stars/src/test/resources/Features/Login.feature"},{"name":"package","value":"src.test.resources.Features.Login_feature.Login Functionality of DsAlgo Application"}],"links":[],"name":"Verify that the tooltip message is displayed when user clicks on Login button after entering valid Username field and invalid Password field","status":"skipped","statusDetails":{"known":false,"muted":false,"flaky":false,"message":"Could not start a new session. Possible causes are invalid address of the remote server or browser start-up failure. null \nHost info: host: 'GAYU', ip: '10.0.0.204'","trace":"org.openqa.selenium.SessionNotCreatedException: Could not start a new session. Possible causes are invalid address of the remote server or browser start-up failure. null \nHost info: host: 'GAYU', ip: '10.0.0.204'\r\n\tat org.openqa.selenium.remote.RemoteWebDriver.execute(RemoteWebDriver.java:578)\r\n\tat org.openqa.selenium.remote.RemoteWebDriver.startSession(RemoteWebDriver.java:246)\r\n\tat org.openqa.selenium.remote.RemoteWebDriver.<init>(RemoteWebDriver.java:174)\r\n\tat org.openqa.selenium.firefox.FirefoxDriver.<init>(FirefoxDriver.java:137)\r\n\tat org.openqa.selenium.firefox.FirefoxDriver.<init>(FirefoxDriver.java:132)\r\n\tat org.openqa.selenium.firefox.FirefoxDriver.<init>(FirefoxDriver.java:114)\r\n\tat org.openqa.selenium.firefox.FirefoxDriver.<init>(FirefoxDriver.java:109)\r\n\tat org.openqa.selenium.firefox.FirefoxDriver.<init>(FirefoxDriver.java:94)\r\n\tat org.openqa.selenium.firefox.FirefoxDriver.<init>(FirefoxDriver.java:84)\r\n\tat com.numpyninja.dsalgo.testbase.DriverFactory.initDriver(DriverFactory.java:25)\r\n\tat com.numpyninja.dsalgo.apphooks.ApplicationHooks.beforeScenario(ApplicationHooks.java:62)\r\nCaused by: org.openqa.selenium.TimeoutException: java.util.concurrent.TimeoutException\nBuild info: version: '4.38.0', revision: '6b412e825c*'\nSystem info: os.name: 'Windows 11', os.arch: 'amd64', os.version: '10.0', java.version: '17.0.12'\nDriver info: driver.version: FirefoxDriver\r\n\tat org.openqa.selenium.remote.http.jdk.JdkHttpClient.execute(JdkHttpClient.java:427)\r\n\tat org.openqa.selenium.remote.ProtocolHandshake.createSession(ProtocolHandshake.java:89)\r\n\tat org.openqa.selenium.remote.ProtocolHandshake.createSession(ProtocolHandshake.java:75)\r\n\tat org.openqa.selenium.remote.ProtocolHandshake.createSession(ProtocolHandshake.java:61)\r\n\tat org.openqa.selenium.remote.HttpCommandExecutor.execute(HttpCommandExecutor.java:187)\r\n\tat org.openqa.selenium.remote.service.DriverCommandExecutor.invokeExecute(DriverCommandExecutor.java:216)\r\n\tat org.openqa.selenium.remote.service.DriverCommandExecutor.execute(DriverCommandExecutor.java:174)\r\n\tat org.openqa.selenium.remote.RemoteWebDriver.execute(RemoteWebDriver.java:557)\r\n\tat org.openqa.selenium.remote.RemoteWebDriver.startSession(RemoteWebDriver.java:246)\r\n\tat org.openqa.selenium.remote.RemoteWebDriver.<init>(RemoteWebDriver.java:174)\r\n\tat org.openqa.selenium.firefox.FirefoxDriver.<init>(FirefoxDriver.java:137)\r\n\tat org.openqa.selenium.firefox.FirefoxDriver.<init>(FirefoxDriver.java:132)\r\n\tat org.openqa.selenium.firefox.FirefoxDriver.<init>(FirefoxDriver.java:114)\r\n\tat org.openqa.selenium.firefox.FirefoxDriver.<init>(FirefoxDriver.java:109)\r\n\tat org.openqa.selenium.firefox.FirefoxDriver.<init>(FirefoxDriver.java:94)\r\n\tat org.openqa.selenium.firefox.FirefoxDriver.<init>(FirefoxDriver.java:84)\r\n\tat com.numpyninja.dsalgo.testbase.DriverFactory.initDriver(DriverFactory.java:25)\r\n\tat com.numpyninja.dsalgo.apphooks.ApplicationHooks.beforeScenario(ApplicationHooks.java:62)\r\n\tat jdk.internal.reflect.GeneratedMethodAccessor134.invoke(Unknown Source)\r\n\tat java.base/jdk.internal.reflect.DelegatingMethodAccessorImpl.invoke(DelegatingMethodAccessorImpl.java:43)\r\n\tat java.base/java.lang.reflect.Method.invoke(Method.java:568)\r\n\tat io.cucumber.java.Invoker.doInvoke(Invoker.java:66)\r\n\tat io.cucumber.java.Invoker.invoke(Invoker.java:24)\r\n\tat io.cucumber.java.AbstractGlueDefinition.invokeMethod(AbstractGlueDefinition.java:47)\r\n\tat io.cucumber.java.JavaHookDefinition.execute(JavaHookDefinition.java:64)\r\n\tat io.cucumber.core.runner.CoreHookDefinition.execute(CoreHookDefinition.java:46)\r\n\tat io.cucumber.core.runner.HookDefinitionMatch.runStep(HookDefinitionMatch.java:21)\r\n\tat io.cucumber.core.runner.ExecutionMode$1.execute(ExecutionMode.java:10)\r\n\tat io.cucumber.core.runner.TestStep.executeStep(TestStep.java:84)\r\n\tat io.cucumber.core.runner.TestStep.run(TestStep.java:56)\r\n\tat io.cucumber.core.runner.TestCase.run(TestCase.java:78)\r\n\tat io.cucumber.core.runner.Runner.runPickle(Runner.java:75)\r\n\tat io.cucumber.testng.TestNGCucumberRunner.lambda$runScenario$1(TestNGCucumberRunner.java:132)\r\n\tat io.cucumber.core.runtime.CucumberExecutionContext.lambda$runTestCase$5(CucumberExecutionContext.java:130)\r\n\tat io.cucumber.core.runtime.RethrowingThrowableCollector.executeAndThrow(RethrowingThrowableCollector.java:23)\r\n\tat io.cucumber.core.runtime.CucumberExecutionContext.runTestCase(CucumberExecutionContext.java:130)\r\n\tat io.cucumber.testng.TestNGCucumberRunner.runScenario(TestNGCucumberRunner.java:129)\r\n\tat io.cucumber.testng.AbstractTestNGCucumberTests.runScenario(AbstractTestNGCucumberTests.java:35)\r\n\tat jdk.internal.reflect.GeneratedMethodAccessor322.invoke(Unknown Source)\r\n\tat java.base/jdk.internal.reflect.DelegatingMethodAccessorImpl.invoke(DelegatingMethodAccessorImpl.java:43)\r\n\tat java.base/java.lang.reflect.Method.invoke(Method.java:568)\r\n\tat org.testng.internal.MethodInvocationHelper.invokeMethod(MethodInvocationHelper.java:124)\r\n\tat org.testng.internal.Invoker.invokeMethod(Invoker.java:583)\r\n\tat org.testng.internal.Invoker.invokeTestMethod(Invoker.java:719)\r\n\tat org.testng.internal.TestMethodWithDataProviderMethodWorker.call(TestMethodWithDataProviderMethodWorker.java:71)\r\n\tat org.testng.internal.TestMethodWithDataProviderMethodWorker.call(TestMethodWithDataProviderMethodWorker.java:14)\r\n\tat java.base/java.util.concurrent.FutureTask.run(FutureTask.java:264)\r\n\tat java.base/java.util.concurrent.Executors$RunnableAdapter.call(Executors.java:539)\r\n\tat java.base/java.util.concurrent.FutureTask.run(FutureTask.java:264)\r\n\tat java.base/java.util.concurrent.ThreadPoolExecutor.runWorker(ThreadPoolExecutor.java:1136)\r\n\tat java.base/java.util.concurrent.ThreadPoolExecutor$Worker.run(ThreadPoolExecutor.java:635)\r\n\tat java.base/java.lang.Thread.run(Thread.java:842)\r\nCaused by: java.util.concurrent.TimeoutException\r\n\tat java.base/java.util.concurrent.CompletableFuture$Timeout.run(CompletableFuture.java:2874)\r\n\tat java.base/java.util.concurrent.Executors$RunnableAdapter.call(Executors.java:539)\r\n\tat java.base/java.util.concurrent.FutureTask.run(FutureTask.java:264)\r\n\tat java.base/java.util.concurrent.ScheduledThreadPoolExecutor$ScheduledFutureTask.run(ScheduledThreadPoolExecutor.java:304)\r\n\t... 3 more\r\n"},"stage":"finished","steps":[{"name":"Given  User launches the browser and enters the DsAlgo application url","status":"skipped","statusDetails":{"known":false,"muted":false,"flaky":false},"stage":"finished","steps":[],"attachments":[],"parameters":[],"start":1770786714541,"stop":1770786714541},{"name":"When  the user clicks on Get Started button in the DsAlgo Portal","status":"skipped","statusDetails":{"known":false,"muted":false,"flaky":false},"stage":"finished","steps":[],"attachments":[],"parameters":[],"start":1770786714543,"stop":1770786714543},{"name":"And  user clicks on Sign in link in the Home page","status":"skipped","statusDetails":{"known":false,"muted":false,"flaky":false},"stage":"finished","steps":[],"attachments":[],"parameters":[],"start":1770786714607,"stop":1770786714853},{"name":"Then  the page title should be displayed as \"Login\"","status":"skipped","statusDetails":{"known":false,"muted":false,"flaky":false},"stage":"finished","steps":[],"attachments":[],"parameters":[],"start":1770786714855,"stop":1770786714856},{"name":"When  the user enters Username and Password from \"Login\" and 4 in the Login form","status":"skipped","statusDetails":{"known":false,"muted":false,"flaky":false},"stage":"finished","steps":[],"attachments":[],"parameters":[],"start":1770786714856,"stop":1770786714900},{"name":"And  user clicks on Login button","status":"skipped","statusDetails":{"known":false,"muted":false,"flaky":false},"stage":"finished","steps":[],"attachments":[],"parameters":[],"start":1770786714900,"stop":1770786714902},{"name":"Then  the user should get invalid error message from \"Login\" and 4","status":"skipped","statusDetails":{"known":false,"muted":false,"flaky":false},"stage":"finished","steps":[],"attachments":[],"parameters":[],"start":1770786714902,"stop":1770786714902}],"attachments":[],"parameters":[{"name":"SheetName","value":"Login"},{"name":"RowNumber","value":"4"}],"start":1770786496714,"stop":1770786717297}