{"uuid":"6efcb09c-07a7-464b-afbd-9a22c2f09b56","historyId":"55ab473a57858bf7f944a0bb25ff6d2c","fullName":"src/test/resources/Features/Graph.feature:166","labels":[{"name":"host","value":"Gayu"},{"name":"thread","value":"59096@Gayu.TestNG-PoolService-0(22)"},{"name":"feature","value":"Graph Functionality of Dsalgo Application"},{"name":"story","value":"Verify that the user is navigated to the try editor page in Graph Representations page"},{"name":"suite","value":"Graph Functionality of Dsalgo Application"},{"name":"testClass","value":"Verify that the user is navigated to the try editor page in Graph Representations page"},{"name":"framework","value":"cucumber4jvm"},{"name":"language","value":"java"},{"name":"gherkin_uri","value":"file:///C:/Users/gayat/intellij-learning/SDET229Stars/src/test/resources/Features/Graph.feature"},{"name":"package","value":"src.test.resources.Features.Graph_feature.Graph Functionality of Dsalgo Application"}],"links":[],"name":"Verify that the user is navigated to the try editor page in Graph Representations page","status":"broken","statusDetails":{"known":false,"muted":false,"flaky":false,"message":"Expected condition failed: waiting for at least one condition to be valid: title to be \"Login\". Current title: \"NumpyNinja\" || title to contain \"Login\". Current title: \"NumpyNinja\" (tried for 10 second(s) with 500 milliseconds interval)\nBuild info: version: '4.38.0', revision: '6b412e825c*'\nSystem info: os.name: 'Windows 11', os.arch: 'amd64', os.version: '10.0', java.version: '17.0.12'\nDriver info: org.openqa.selenium.chrome.ChromeDriver\nCapabilities {acceptInsecureCerts: false, browserName: chrome, browserVersion: 144.0.7559.133, chrome: {chromedriverVersion: 144.0.7559.133 (7da823b1d59..., userDataDir: C:\\Users\\gayat\\AppData\\Loca...}, fedcm:accounts: true, goog:chromeOptions: {debuggerAddress: localhost:57557}, goog:processID: 59016, networkConnectionEnabled: false, pageLoadStrategy: normal, platformName: windows, proxy: Proxy(), se:cdp: ws://localhost:57557/devtoo..., se:cdpVersion: 144.0.7559.133, setWindowRect: true, strictFileInteractability: false, timeouts: {implicit: 0, pageLoad: 300000, script: 30000}, unhandledPromptBehavior: dismiss and notify, webauthn:extension:credBlob: true, webauthn:extension:largeBlob: true, webauthn:extension:minPinLength: true, webauthn:extension:prf: true, webauthn:virtualAuthenticators: true}\nSession ID: d6944344ad85df1d6ccefddbb9f29f89","trace":"org.openqa.selenium.TimeoutException: Expected condition failed: waiting for at least one condition to be valid: title to be \"Login\". Current title: \"NumpyNinja\" || title to contain \"Login\". Current title: \"NumpyNinja\" (tried for 10 second(s) with 500 milliseconds interval)\nBuild info: version: '4.38.0', revision: '6b412e825c*'\nSystem info: os.name: 'Windows 11', os.arch: 'amd64', os.version: '10.0', java.version: '17.0.12'\nDriver info: org.openqa.selenium.chrome.ChromeDriver\nCapabilities {acceptInsecureCerts: false, browserName: chrome, browserVersion: 144.0.7559.133, chrome: {chromedriverVersion: 144.0.7559.133 (7da823b1d59..., userDataDir: C:\\Users\\gayat\\AppData\\Loca...}, fedcm:accounts: true, goog:chromeOptions: {debuggerAddress: localhost:57557}, goog:processID: 59016, networkConnectionEnabled: false, pageLoadStrategy: normal, platformName: windows, proxy: Proxy(), se:cdp: ws://localhost:57557/devtoo..., se:cdpVersion: 144.0.7559.133, setWindowRect: true, strictFileInteractability: false, timeouts: {implicit: 0, pageLoad: 300000, script: 30000}, unhandledPromptBehavior: dismiss and notify, webauthn:extension:credBlob: true, webauthn:extension:largeBlob: true, webauthn:extension:minPinLength: true, webauthn:extension:prf: true, webauthn:virtualAuthenticators: true}\nSession ID: d6944344ad85df1d6ccefddbb9f29f89\r\n\tat org.openqa.selenium.support.ui.WebDriverWait.timeoutException(WebDriverWait.java:84)\r\n\tat org.openqa.selenium.support.ui.FluentWait.until(FluentWait.java:228)\r\n\tat com.numpyninja.dsalgo.testbase.BasePage.waitForTitle(BasePage.java:55)\r\n\tat com.numpyninja.dsalgo.pageobjects.DashboardPage.validatePageTitle(DashboardPage.java:105)\r\n\tat com.numpyninja.dsalgo.stepdefinitions.DashboardSteps.the_page_title_should_be_displayed_as(DashboardSteps.java:40)\r\n\tat ✽.the page title should be displayed as \"NumpyNinja\"(file:///C:/Users/gayat/intellij-learning/SDET229Stars/src/test/resources/Features/Graph.feature:12)\r\n"},"stage":"finished","steps":[{"name":"Given  User launches the browser and enters the DsAlgo application url","status":"passed","statusDetails":{"known":false,"muted":false,"flaky":false},"stage":"finished","steps":[],"attachments":[],"parameters":[],"start":1770863109186,"stop":1770863109189},{"name":"When  the user clicks on Get Started button in the DsAlgo Portal","status":"passed","statusDetails":{"known":false,"muted":false,"flaky":false},"stage":"finished","steps":[],"attachments":[],"parameters":[],"start":1770863109190,"stop":1770863110044},{"name":"And  user clicks on Sign in link in the Home page","status":"passed","statusDetails":{"known":false,"muted":false,"flaky":false},"stage":"finished","steps":[],"attachments":[],"parameters":[],"start":1770863110044,"stop":1770863110727},{"name":"Then  the page title should be displayed as \"Login\"","status":"passed","statusDetails":{"known":false,"muted":false,"flaky":false},"stage":"finished","steps":[],"attachments":[],"parameters":[],"start":1770863110728,"stop":1770863111163},{"name":"When  the user enters valid Username and Password in the Login form","status":"passed","statusDetails":{"known":false,"muted":false,"flaky":false},"stage":"finished","steps":[],"attachments":[{"name":"Data table","source":"7e957885-b1e0-4fbf-884e-d72b9c129743-attachment.csv","type":"text/tab-separated-values"}],"parameters":[],"start":1770863111164,"stop":1770863112149},{"name":"And  user clicks on Login button","status":"passed","statusDetails":{"known":false,"muted":false,"flaky":false},"stage":"finished","steps":[],"attachments":[],"parameters":[],"start":1770863112150,"stop":1770863112697},{"name":"Then  the page title should be displayed as \"NumpyNinja\"","status":"broken","statusDetails":{"known":false,"muted":false,"flaky":false,"message":"Expected condition failed: waiting for at least one condition to be valid: title to be \"Login\". Current title: \"NumpyNinja\" || title to contain \"Login\". Current title: \"NumpyNinja\" (tried for 10 second(s) with 500 milliseconds interval)\nBuild info: version: '4.38.0', revision: '6b412e825c*'\nSystem info: os.name: 'Windows 11', os.arch: 'amd64', os.version: '10.0', java.version: '17.0.12'\nDriver info: org.openqa.selenium.chrome.ChromeDriver\nCapabilities {acceptInsecureCerts: false, browserName: chrome, browserVersion: 144.0.7559.133, chrome: {chromedriverVersion: 144.0.7559.133 (7da823b1d59..., userDataDir: C:\\Users\\gayat\\AppData\\Loca...}, fedcm:accounts: true, goog:chromeOptions: {debuggerAddress: localhost:57557}, goog:processID: 59016, networkConnectionEnabled: false, pageLoadStrategy: normal, platformName: windows, proxy: Proxy(), se:cdp: ws://localhost:57557/devtoo..., se:cdpVersion: 144.0.7559.133, setWindowRect: true, strictFileInteractability: false, timeouts: {implicit: 0, pageLoad: 300000, script: 30000}, unhandledPromptBehavior: dismiss and notify, webauthn:extension:credBlob: true, webauthn:extension:largeBlob: true, webauthn:extension:minPinLength: true, webauthn:extension:prf: true, webauthn:virtualAuthenticators: true}\nSession ID: d6944344ad85df1d6ccefddbb9f29f89","trace":"org.openqa.selenium.TimeoutException: Expected condition failed: waiting for at least one condition to be valid: title to be \"Login\". Current title: \"NumpyNinja\" || title to contain \"Login\". Current title: \"NumpyNinja\" (tried for 10 second(s) with 500 milliseconds interval)\nBuild info: version: '4.38.0', revision: '6b412e825c*'\nSystem info: os.name: 'Windows 11', os.arch: 'amd64', os.version: '10.0', java.version: '17.0.12'\nDriver info: org.openqa.selenium.chrome.ChromeDriver\nCapabilities {acceptInsecureCerts: false, browserName: chrome, browserVersion: 144.0.7559.133, chrome: {chromedriverVersion: 144.0.7559.133 (7da823b1d59..., userDataDir: C:\\Users\\gayat\\AppData\\Loca...}, fedcm:accounts: true, goog:chromeOptions: {debuggerAddress: localhost:57557}, goog:processID: 59016, networkConnectionEnabled: false, pageLoadStrategy: normal, platformName: windows, proxy: Proxy(), se:cdp: ws://localhost:57557/devtoo..., se:cdpVersion: 144.0.7559.133, setWindowRect: true, strictFileInteractability: false, timeouts: {implicit: 0, pageLoad: 300000, script: 30000}, unhandledPromptBehavior: dismiss and notify, webauthn:extension:credBlob: true, webauthn:extension:largeBlob: true, webauthn:extension:minPinLength: true, webauthn:extension:prf: true, webauthn:virtualAuthenticators: true}\nSession ID: d6944344ad85df1d6ccefddbb9f29f89\r\n\tat org.openqa.selenium.support.ui.WebDriverWait.timeoutException(WebDriverWait.java:84)\r\n\tat org.openqa.selenium.support.ui.FluentWait.until(FluentWait.java:228)\r\n\tat com.numpyninja.dsalgo.testbase.BasePage.waitForTitle(BasePage.java:55)\r\n\tat com.numpyninja.dsalgo.pageobjects.DashboardPage.validatePageTitle(DashboardPage.java:105)\r\n\tat com.numpyninja.dsalgo.stepdefinitions.DashboardSteps.the_page_title_should_be_displayed_as(DashboardSteps.java:40)\r\n\tat ✽.the page title should be displayed as \"NumpyNinja\"(file:///C:/Users/gayat/intellij-learning/SDET229Stars/src/test/resources/Features/Graph.feature:12)\r\n"},"stage":"finished","steps":[],"attachments":[],"parameters":[],"start":1770863112697,"stop":1770863123201},{"name":"When  the user clicks the Get Started button after scrolling down in Graph Panel","status":"skipped","statusDetails":{"known":false,"muted":false,"flaky":false},"stage":"finished","steps":[],"attachments":[],"parameters":[],"start":1770863123207,"stop":1770863123207},{"name":"Then  the page title should be displayed as \"Graph\"","status":"skipped","statusDetails":{"known":false,"muted":false,"flaky":false},"stage":"finished","steps":[],"attachments":[],"parameters":[],"start":1770863123208,"stop":1770863123209},{"name":"When  the user clicks Graph Representations link in Graph page","status":"skipped","statusDetails":{"known":false,"muted":false,"flaky":false},"stage":"finished","steps":[],"attachments":[],"parameters":[],"start":1770863123210,"stop":1770863123210},{"name":"Then  the page title should be displayed as \"Graph Representations\"","status":"skipped","statusDetails":{"known":false,"muted":false,"flaky":false},"stage":"finished","steps":[],"attachments":[],"parameters":[],"start":1770863123211,"stop":1770863123211},{"name":"When  the user clicks on Try here button in Graph Representations page","status":"skipped","statusDetails":{"known":false,"muted":false,"flaky":false},"stage":"finished","steps":[],"attachments":[],"parameters":[],"start":1770863123213,"stop":1770863123213},{"name":"Then  the page title should be displayed as \"Assessment\"","status":"skipped","statusDetails":{"known":false,"muted":false,"flaky":false},"stage":"finished","steps":[],"attachments":[],"parameters":[],"start":1770863123213,"stop":1770863123213},{"name":"And  the page url should be displayed as \"https://dsportalapp.herokuapp.com/tryEditor\"","status":"skipped","statusDetails":{"known":false,"muted":false,"flaky":false},"stage":"finished","steps":[],"attachments":[],"parameters":[],"start":1770863123213,"stop":1770863123213}],"attachments":[],"parameters":[{"name":"Expected Url","value":"https://dsportalapp.herokuapp.com/tryEditor"}],"start":1770863103830,"stop":1770863128277}