{"uuid":"8f301583-64ff-47b0-9653-1406cc43e3cb","name":"Scenario: Verify the Get Started button in the DsAlgo portal","children":["58c48e0b-1820-497a-85a2-a35317b33f71"],"befores":[{"name":"com.numpyninja.dsalgo.apphooks.ApplicationHooks.getProperty()","status":"passed","stage":"finished","steps":[],"attachments":[],"parameters":[],"start":1770785873240,"stop":1770785873240},{"name":"com.numpyninja.dsalgo.apphooks.ApplicationHooks.beforeScenario(io.cucumber.java.Scenario)","status":"broken","statusDetails":{"known":false,"muted":false,"flaky":false,"message":"BEFORE is failed: Could not start a new session. Response code 500. Message: unknown error \nHost info: host: 'GAYU', ip: '10.0.0.204'\nBuild info: version: '4.38.0', revision: '6b412e825c*'\nSystem info: os.name: 'Windows 11', os.arch: 'amd64', os.version: '10.0', java.version: '17.0.12'\nDriver info: org.openqa.selenium.firefox.FirefoxDriver\nCommand: [null, newSession {capabilities=[Capabilities {acceptInsecureCerts: true, browserName: firefox, moz:firefoxOptions: {binary: C:\\Users\\gayat\\.cache\\selen..., prefs: {remote.active-protocols: 1}}}]}]","trace":"org.openqa.selenium.SessionNotCreatedException: Could not start a new session. Response code 500. Message: unknown error \nHost info: host: 'GAYU', ip: '10.0.0.204'\nBuild info: version: '4.38.0', revision: '6b412e825c*'\nSystem info: os.name: 'Windows 11', os.arch: 'amd64', os.version: '10.0', java.version: '17.0.12'\nDriver info: org.openqa.selenium.firefox.FirefoxDriver\nCommand: [null, newSession {capabilities=[Capabilities {acceptInsecureCerts: true, browserName: firefox, moz:firefoxOptions: {binary: C:\\Users\\gayat\\.cache\\selen..., prefs: {remote.active-protocols: 1}}}]}]\r\n\tat org.openqa.selenium.remote.ProtocolHandshake.createSession(ProtocolHandshake.java:114)\r\n\tat org.openqa.selenium.remote.ProtocolHandshake.createSession(ProtocolHandshake.java:75)\r\n\tat org.openqa.selenium.remote.ProtocolHandshake.createSession(ProtocolHandshake.java:61)\r\n\tat org.openqa.selenium.remote.HttpCommandExecutor.execute(HttpCommandExecutor.java:187)\r\n\tat org.openqa.selenium.remote.service.DriverCommandExecutor.invokeExecute(DriverCommandExecutor.java:216)\r\n\tat org.openqa.selenium.remote.service.DriverCommandExecutor.execute(DriverCommandExecutor.java:174)\r\n\tat org.openqa.selenium.remote.RemoteWebDriver.execute(RemoteWebDriver.java:557)\r\n\tat org.openqa.selenium.remote.RemoteWebDriver.startSession(RemoteWebDriver.java:246)\r\n\tat org.openqa.selenium.remote.RemoteWebDriver.<init>(RemoteWebDriver.java:174)\r\n\tat org.openqa.selenium.firefox.FirefoxDriver.<init>(FirefoxDriver.java:137)\r\n\tat org.openqa.selenium.firefox.FirefoxDriver.<init>(FirefoxDriver.java:132)\r\n\tat org.openqa.selenium.firefox.FirefoxDriver.<init>(FirefoxDriver.java:114)\r\n\tat org.openqa.selenium.firefox.FirefoxDriver.<init>(FirefoxDriver.java:109)\r\n\tat org.openqa.selenium.firefox.FirefoxDriver.<init>(FirefoxDriver.java:94)\r\n\tat org.openqa.selenium.firefox.FirefoxDriver.<init>(FirefoxDriver.java:84)\r\n\tat com.numpyninja.dsalgo.testbase.DriverFactory.initDriver(DriverFactory.java:25)\r\n\tat com.numpyninja.dsalgo.apphooks.ApplicationHooks.beforeScenario(ApplicationHooks.java:62)\r\n"},"stage":"finished","steps":[],"attachments":[],"parameters":[],"start":1770785873241,"stop":1770786057705}],"afters":[{"name":"com.numpyninja.dsalgo.apphooks.ApplicationHooks.afterEachStep(io.cucumber.java.Scenario)","status":"skipped","statusDetails":{"known":false,"muted":false,"flaky":false,"message":"AFTER_STEP is failed."},"stage":"finished","steps":[],"attachments":[],"parameters":[],"start":1770786057723,"stop":1770786057723},{"name":"com.numpyninja.dsalgo.apphooks.ApplicationHooks.afterEachStep(io.cucumber.java.Scenario)","status":"skipped","statusDetails":{"known":false,"muted":false,"flaky":false,"message":"AFTER_STEP is failed."},"stage":"finished","steps":[],"attachments":[],"parameters":[],"start":1770786057723,"stop":1770786057723},{"name":"com.numpyninja.dsalgo.apphooks.ApplicationHooks.tearDown(io.cucumber.java.Scenario)","status":"passed","stage":"finished","steps":[],"attachments":[],"parameters":[],"start":1770786057723,"stop":1770786057725},{"name":"com.numpyninja.dsalgo.apphooks.ApplicationHooks.quitBrowser()","status":"broken","statusDetails":{"known":false,"muted":false,"flaky":false,"message":"AFTER is failed: Cannot invoke \"org.openqa.selenium.WebDriver.quit()\" because the return value of \"java.lang.ThreadLocal.get()\" is null","trace":"java.lang.NullPointerException: Cannot invoke \"org.openqa.selenium.WebDriver.quit()\" because the return value of \"java.lang.ThreadLocal.get()\" is null\r\n\tat com.numpyninja.dsalgo.testbase.DriverFactory.quitDriver(DriverFactory.java:44)\r\n\tat com.numpyninja.dsalgo.apphooks.ApplicationHooks.quitBrowser(ApplicationHooks.java:144)\r\n"},"stage":"finished","steps":[],"attachments":[],"parameters":[],"start":1770786057763,"stop":1770786058228},{"name":"com.numpyninja.dsalgo.apphooks.ApplicationHooks.flushExtent()","status":"passed","stage":"finished","steps":[],"attachments":[],"parameters":[],"start":1770786058261,"stop":1770786059161}],"start":1770785873239,"stop":1770786059163}