{"uuid":"d792e444-1872-4103-abeb-391ace880874","historyId":"81bc66ccb093d23b131c8ee1a8f8aab0","fullName":"src/test/resources/Features/DSIntroduction.feature:128","labels":[{"name":"host","value":"Gayu"},{"name":"thread","value":"29216@Gayu.TestNG-PoolService-8(43)"},{"name":"feature","value":"Data Structures-Introduction Functionality of DsAlgo Application"},{"name":"story","value":"Verify that the user is not able to see output after entering \"12345\" in try editor"},{"name":"suite","value":"Data Structures-Introduction Functionality of DsAlgo Application"},{"name":"testClass","value":"Verify that the user is not able to see output after entering \"12345\" in try editor"},{"name":"framework","value":"cucumber4jvm"},{"name":"language","value":"java"},{"name":"gherkin_uri","value":"file:///C:/Users/gayat/intellij-learning/SDET229Stars/src/test/resources/Features/DSIntroduction.feature"},{"name":"package","value":"src.test.resources.Features.DSIntroduction_feature.Data Structures-Introduction Functionality of DsAlgo Application"}],"links":[],"name":"Verify that the user is not able to see output after entering \"12345\" in try editor","status":"broken","statusDetails":{"known":false,"muted":false,"flaky":false,"message":"java.util.concurrent.TimeoutException\nBuild info: version: '4.38.0', revision: '6b412e825c*'\nSystem info: os.name: 'Windows 11', os.arch: 'amd64', os.version: '10.0', java.version: '17.0.12'\nDriver info: org.openqa.selenium.edge.EdgeDriver\nCommand: [ddcc6c9ebf61a29449dc8656c4adba2c, clickElement {id=f.93B217EC50F54916D965B3641616BE20.d.3FF94C36675D2FC30765222FAD6EB3AB.e.1232}]\nCapabilities {acceptInsecureCerts: false, browserName: MicrosoftEdge, browserVersion: 144.0.3719.115, fedcm:accounts: true, goog:processID: 17620, ms:edgeOptions: {debuggerAddress: localhost:53106}, msedge: {msedgedriverVersion: 144.0.3719.115 (4ee501a4f64..., userDataDir: C:\\Users\\gayat\\AppData\\Loca...}, networkConnectionEnabled: false, pageLoadStrategy: normal, platformName: windows, proxy: Proxy(), se:cdp: ws://localhost:53106/devtoo..., se:cdpVersion: 144.0.3719.115, setWindowRect: true, strictFileInteractability: false, timeouts: {implicit: 0, pageLoad: 300000, script: 30000}, unhandledPromptBehavior: dismiss and notify, webauthn:extension:credBlob: true, webauthn:extension:largeBlob: true, webauthn:extension:minPinLength: true, webauthn:extension:prf: true, webauthn:virtualAuthenticators: true}\nElement: [[EdgeDriver: MicrosoftEdge on windows (ddcc6c9ebf61a29449dc8656c4adba2c)] -> xpath: //a[contains(@href,'try')]]\nSession ID: ddcc6c9ebf61a29449dc8656c4adba2c","trace":"org.openqa.selenium.TimeoutException: java.util.concurrent.TimeoutException\nBuild info: version: '4.38.0', revision: '6b412e825c*'\nSystem info: os.name: 'Windows 11', os.arch: 'amd64', os.version: '10.0', java.version: '17.0.12'\nDriver info: org.openqa.selenium.edge.EdgeDriver\nCommand: [ddcc6c9ebf61a29449dc8656c4adba2c, clickElement {id=f.93B217EC50F54916D965B3641616BE20.d.3FF94C36675D2FC30765222FAD6EB3AB.e.1232}]\nCapabilities {acceptInsecureCerts: false, browserName: MicrosoftEdge, browserVersion: 144.0.3719.115, fedcm:accounts: true, goog:processID: 17620, ms:edgeOptions: {debuggerAddress: localhost:53106}, msedge: {msedgedriverVersion: 144.0.3719.115 (4ee501a4f64..., userDataDir: C:\\Users\\gayat\\AppData\\Loca...}, networkConnectionEnabled: false, pageLoadStrategy: normal, platformName: windows, proxy: Proxy(), se:cdp: ws://localhost:53106/devtoo..., se:cdpVersion: 144.0.3719.115, setWindowRect: true, strictFileInteractability: false, timeouts: {implicit: 0, pageLoad: 300000, script: 30000}, unhandledPromptBehavior: dismiss and notify, webauthn:extension:credBlob: true, webauthn:extension:largeBlob: true, webauthn:extension:minPinLength: true, webauthn:extension:prf: true, webauthn:virtualAuthenticators: true}\nElement: [[EdgeDriver: MicrosoftEdge on windows (ddcc6c9ebf61a29449dc8656c4adba2c)] -> xpath: //a[contains(@href,'try')]]\nSession ID: ddcc6c9ebf61a29449dc8656c4adba2c\r\n\tat org.openqa.selenium.remote.http.jdk.JdkHttpClient.execute(JdkHttpClient.java:427)\r\n\tat org.openqa.selenium.remote.HttpCommandExecutor.execute(HttpCommandExecutor.java:212)\r\n\tat org.openqa.selenium.remote.service.DriverCommandExecutor.invokeExecute(DriverCommandExecutor.java:216)\r\n\tat org.openqa.selenium.remote.service.DriverCommandExecutor.execute(DriverCommandExecutor.java:174)\r\n\tat org.openqa.selenium.remote.RemoteWebDriver.execute(RemoteWebDriver.java:557)\r\n\tat org.openqa.selenium.remote.RemoteWebElement.execute(RemoteWebElement.java:223)\r\n\tat org.openqa.selenium.remote.RemoteWebElement.click(RemoteWebElement.java:76)\r\n\tat jdk.internal.reflect.GeneratedMethodAccessor140.invoke(Unknown Source)\r\n\tat java.base/jdk.internal.reflect.DelegatingMethodAccessorImpl.invoke(DelegatingMethodAccessorImpl.java:43)\r\n\tat java.base/java.lang.reflect.Method.invoke(Method.java:568)\r\n\tat org.openqa.selenium.support.pagefactory.internal.LocatingElementHandler.invoke(LocatingElementHandler.java:51)\r\n\tat jdk.proxy2/jdk.proxy2.$Proxy41.click(Unknown Source)\r\n\tat com.numpyninja.dsalgo.testbase.BasePage.waitForElementToClick(BasePage.java:31)\r\n\tat com.numpyninja.dsalgo.pageobjects.DSIntroductionPage.clickTryHereBtn(DSIntroductionPage.java:47)\r\n\tat com.numpyninja.dsalgo.stepdefinitions.DSIntroductionSteps.the_user_clicks_on_try_here_button_after_scrolling_down_in_time_complexity_page(DSIntroductionSteps.java:50)\r\n\tat ✽.the user clicks on Try here button after scrolling down in time-complexity page(file:///C:/Users/gayat/intellij-learning/SDET229Stars/src/test/resources/Features/DSIntroduction.feature:120)\r\nCaused by: java.util.concurrent.TimeoutException\r\n\tat java.base/java.util.concurrent.CompletableFuture$Timeout.run(CompletableFuture.java:2874)\r\n\tat java.base/java.util.concurrent.Executors$RunnableAdapter.call(Executors.java:539)\r\n\tat java.base/java.util.concurrent.FutureTask.run(FutureTask.java:264)\r\n\tat java.base/java.util.concurrent.ScheduledThreadPoolExecutor$ScheduledFutureTask.run(ScheduledThreadPoolExecutor.java:304)\r\n\tat java.base/java.util.concurrent.ThreadPoolExecutor.runWorker(ThreadPoolExecutor.java:1136)\r\n\tat java.base/java.util.concurrent.ThreadPoolExecutor$Worker.run(ThreadPoolExecutor.java:635)\r\n\tat java.base/java.lang.Thread.run(Thread.java:842)\r\n"},"stage":"finished","steps":[{"name":"Given  User launches the browser and enters the DsAlgo application url","status":"passed","statusDetails":{"known":false,"muted":false,"flaky":false},"stage":"finished","steps":[],"attachments":[],"parameters":[],"start":1770776646727,"stop":1770776648617},{"name":"When  the user clicks on Get Started button in the DsAlgo Portal","status":"passed","statusDetails":{"known":false,"muted":false,"flaky":false},"stage":"finished","steps":[],"attachments":[],"parameters":[],"start":1770776648619,"stop":1770776680003},{"name":"And  user clicks on Sign in link in the Home page","status":"passed","statusDetails":{"known":false,"muted":false,"flaky":false},"stage":"finished","steps":[],"attachments":[],"parameters":[],"start":1770776680043,"stop":1770776683218},{"name":"Then  the page title should be displayed as \"Login\"","status":"passed","statusDetails":{"known":false,"muted":false,"flaky":false},"stage":"finished","steps":[],"attachments":[],"parameters":[],"start":1770776683219,"stop":1770776683732},{"name":"When  the user enters valid Username and Password in the Login form","status":"passed","statusDetails":{"known":false,"muted":false,"flaky":false},"stage":"finished","steps":[],"attachments":[{"name":"Data table","source":"4ab2704a-f9ac-410a-a6ee-29b39bce748c-attachment.csv","type":"text/tab-separated-values"}],"parameters":[],"start":1770776683734,"stop":1770776700160},{"name":"And  user clicks on Login button","status":"passed","statusDetails":{"known":false,"muted":false,"flaky":false},"stage":"finished","steps":[],"attachments":[],"parameters":[],"start":1770776700161,"stop":1770776807717},{"name":"Then  the page title should be displayed as \"NumpyNinja\"","status":"passed","statusDetails":{"known":false,"muted":false,"flaky":false},"stage":"finished","steps":[],"attachments":[],"parameters":[],"start":1770776807720,"stop":1770776808363},{"name":"When  the user clicks on Get Started button below Data Structures - Introduction module","status":"passed","statusDetails":{"known":false,"muted":false,"flaky":false},"stage":"finished","steps":[],"attachments":[],"parameters":[],"start":1770776808363,"stop":1770776810325},{"name":"Then  the page title should be displayed as \"Data Structures-Introduction\"","status":"passed","statusDetails":{"known":false,"muted":false,"flaky":false},"stage":"finished","steps":[],"attachments":[],"parameters":[],"start":1770776810397,"stop":1770776811316},{"name":"When  the user clicks on time-complexity link in Data Structures - Introduction page","status":"passed","statusDetails":{"known":false,"muted":false,"flaky":false},"stage":"finished","steps":[],"attachments":[],"parameters":[],"start":1770776811317,"stop":1770776814374},{"name":"Then  the page title should be displayed as \"Time Complexity\"","status":"passed","statusDetails":{"known":false,"muted":false,"flaky":false},"stage":"finished","steps":[],"attachments":[],"parameters":[],"start":1770776814375,"stop":1770776815885},{"name":"When  the user clicks on Try here button after scrolling down in time-complexity page","status":"broken","statusDetails":{"known":false,"muted":false,"flaky":false,"message":"java.util.concurrent.TimeoutException\nBuild info: version: '4.38.0', revision: '6b412e825c*'\nSystem info: os.name: 'Windows 11', os.arch: 'amd64', os.version: '10.0', java.version: '17.0.12'\nDriver info: org.openqa.selenium.edge.EdgeDriver\nCommand: [ddcc6c9ebf61a29449dc8656c4adba2c, clickElement {id=f.93B217EC50F54916D965B3641616BE20.d.3FF94C36675D2FC30765222FAD6EB3AB.e.1232}]\nCapabilities {acceptInsecureCerts: false, browserName: MicrosoftEdge, browserVersion: 144.0.3719.115, fedcm:accounts: true, goog:processID: 17620, ms:edgeOptions: {debuggerAddress: localhost:53106}, msedge: {msedgedriverVersion: 144.0.3719.115 (4ee501a4f64..., userDataDir: C:\\Users\\gayat\\AppData\\Loca...}, networkConnectionEnabled: false, pageLoadStrategy: normal, platformName: windows, proxy: Proxy(), se:cdp: ws://localhost:53106/devtoo..., se:cdpVersion: 144.0.3719.115, setWindowRect: true, strictFileInteractability: false, timeouts: {implicit: 0, pageLoad: 300000, script: 30000}, unhandledPromptBehavior: dismiss and notify, webauthn:extension:credBlob: true, webauthn:extension:largeBlob: true, webauthn:extension:minPinLength: true, webauthn:extension:prf: true, webauthn:virtualAuthenticators: true}\nElement: [[EdgeDriver: MicrosoftEdge on windows (ddcc6c9ebf61a29449dc8656c4adba2c)] -> xpath: //a[contains(@href,'try')]]\nSession ID: ddcc6c9ebf61a29449dc8656c4adba2c","trace":"org.openqa.selenium.TimeoutException: java.util.concurrent.TimeoutException\nBuild info: version: '4.38.0', revision: '6b412e825c*'\nSystem info: os.name: 'Windows 11', os.arch: 'amd64', os.version: '10.0', java.version: '17.0.12'\nDriver info: org.openqa.selenium.edge.EdgeDriver\nCommand: [ddcc6c9ebf61a29449dc8656c4adba2c, clickElement {id=f.93B217EC50F54916D965B3641616BE20.d.3FF94C36675D2FC30765222FAD6EB3AB.e.1232}]\nCapabilities {acceptInsecureCerts: false, browserName: MicrosoftEdge, browserVersion: 144.0.3719.115, fedcm:accounts: true, goog:processID: 17620, ms:edgeOptions: {debuggerAddress: localhost:53106}, msedge: {msedgedriverVersion: 144.0.3719.115 (4ee501a4f64..., userDataDir: C:\\Users\\gayat\\AppData\\Loca...}, networkConnectionEnabled: false, pageLoadStrategy: normal, platformName: windows, proxy: Proxy(), se:cdp: ws://localhost:53106/devtoo..., se:cdpVersion: 144.0.3719.115, setWindowRect: true, strictFileInteractability: false, timeouts: {implicit: 0, pageLoad: 300000, script: 30000}, unhandledPromptBehavior: dismiss and notify, webauthn:extension:credBlob: true, webauthn:extension:largeBlob: true, webauthn:extension:minPinLength: true, webauthn:extension:prf: true, webauthn:virtualAuthenticators: true}\nElement: [[EdgeDriver: MicrosoftEdge on windows (ddcc6c9ebf61a29449dc8656c4adba2c)] -> xpath: //a[contains(@href,'try')]]\nSession ID: ddcc6c9ebf61a29449dc8656c4adba2c\r\n\tat org.openqa.selenium.remote.http.jdk.JdkHttpClient.execute(JdkHttpClient.java:427)\r\n\tat org.openqa.selenium.remote.HttpCommandExecutor.execute(HttpCommandExecutor.java:212)\r\n\tat org.openqa.selenium.remote.service.DriverCommandExecutor.invokeExecute(DriverCommandExecutor.java:216)\r\n\tat org.openqa.selenium.remote.service.DriverCommandExecutor.execute(DriverCommandExecutor.java:174)\r\n\tat org.openqa.selenium.remote.RemoteWebDriver.execute(RemoteWebDriver.java:557)\r\n\tat org.openqa.selenium.remote.RemoteWebElement.execute(RemoteWebElement.java:223)\r\n\tat org.openqa.selenium.remote.RemoteWebElement.click(RemoteWebElement.java:76)\r\n\tat jdk.internal.reflect.GeneratedMethodAccessor140.invoke(Unknown Source)\r\n\tat java.base/jdk.internal.reflect.DelegatingMethodAccessorImpl.invoke(DelegatingMethodAccessorImpl.java:43)\r\n\tat java.base/java.lang.reflect.Method.invoke(Method.java:568)\r\n\tat org.openqa.selenium.support.pagefactory.internal.LocatingElementHandler.invoke(LocatingElementHandler.java:51)\r\n\tat jdk.proxy2/jdk.proxy2.$Proxy41.click(Unknown Source)\r\n\tat com.numpyninja.dsalgo.testbase.BasePage.waitForElementToClick(BasePage.java:31)\r\n\tat com.numpyninja.dsalgo.pageobjects.DSIntroductionPage.clickTryHereBtn(DSIntroductionPage.java:47)\r\n\tat com.numpyninja.dsalgo.stepdefinitions.DSIntroductionSteps.the_user_clicks_on_try_here_button_after_scrolling_down_in_time_complexity_page(DSIntroductionSteps.java:50)\r\n\tat ✽.the user clicks on Try here button after scrolling down in time-complexity page(file:///C:/Users/gayat/intellij-learning/SDET229Stars/src/test/resources/Features/DSIntroduction.feature:120)\r\nCaused by: java.util.concurrent.TimeoutException\r\n\tat java.base/java.util.concurrent.CompletableFuture$Timeout.run(CompletableFuture.java:2874)\r\n\tat java.base/java.util.concurrent.Executors$RunnableAdapter.call(Executors.java:539)\r\n\tat java.base/java.util.concurrent.FutureTask.run(FutureTask.java:264)\r\n\tat java.base/java.util.concurrent.ScheduledThreadPoolExecutor$ScheduledFutureTask.run(ScheduledThreadPoolExecutor.java:304)\r\n\tat java.base/java.util.concurrent.ThreadPoolExecutor.runWorker(ThreadPoolExecutor.java:1136)\r\n\tat java.base/java.util.concurrent.ThreadPoolExecutor$Worker.run(ThreadPoolExecutor.java:635)\r\n\tat java.base/java.lang.Thread.run(Thread.java:842)\r\n"},"stage":"finished","steps":[],"attachments":[],"parameters":[],"start":1770776815890,"stop":1770777015914},{"name":"Then  the page title should be displayed as \"Assessment\"","status":"skipped","statusDetails":{"known":false,"muted":false,"flaky":false},"stage":"finished","steps":[],"attachments":[],"parameters":[],"start":1770777015944,"stop":1770777015944},{"name":"And  the page url should be displayed as \"https://dsportalapp.herokuapp.com/tryEditor\"","status":"skipped","statusDetails":{"known":false,"muted":false,"flaky":false},"stage":"finished","steps":[],"attachments":[],"parameters":[],"start":1770777015967,"stop":1770777015968},{"name":"When  the user enters Python Code from \"DS-Introduction\" and 5 in try editor","status":"skipped","statusDetails":{"known":false,"muted":false,"flaky":false},"stage":"finished","steps":[],"attachments":[],"parameters":[],"start":1770777015969,"stop":1770777015969},{"name":"And  user clicks on Run button","status":"skipped","statusDetails":{"known":false,"muted":false,"flaky":false},"stage":"finished","steps":[],"attachments":[],"parameters":[],"start":1770777016037,"stop":1770777016041},{"name":"Then  the user should not able to see output below Run button","status":"skipped","statusDetails":{"known":false,"muted":false,"flaky":false},"stage":"finished","steps":[],"attachments":[],"parameters":[],"start":1770777016041,"stop":1770777016041}],"attachments":[],"parameters":[{"name":"Expected Url","value":"https://dsportalapp.herokuapp.com/tryEditor"},{"name":"SheetName","value":"DS-Introduction"},{"name":"RowNumber","value":"5"}],"start":1770776632990,"stop":1770777067777}